TID 3fb0: ************************ New Output *****************
TID 42e0: Debugger Thread spinning up
TID 3fb0: SetupThread  managed Thread 0000000000517590 Thread Id = 1
TID 1e84: SetupThread  managed Thread 00000000005479A0 Thread Id = 2
TID 3fb0: Successfully added shareable assembly "System.Private.CoreLib".
TID 3fb0: Placing 0 statics (0 handles) for class Object.
TID 3fb0: Placing 0 statics (0 handles) for class __Canon.
TID 3fb0: Placing 0 statics (0 handles) for class ValueType.
TID 3fb0: Placing 0 statics (0 handles) for class IComparable.
TID 3fb0: Placing 0 statics (0 handles) for class IFormattable.
TID 3fb0: Placing 0 statics (0 handles) for class IConvertible.
TID 3fb0: Placing 0 statics (0 handles) for class Enum.
TID 3fb0: Placing 0 statics (0 handles) for class ICustomAttributeProvider.
TID 3fb0: Placing 0 statics (0 handles) for class _MemberInfo.
TID 3fb0: Placing 0 statics (0 handles) for class MemberInfo.
TID 3fb0: Placing 0 statics (0 handles) for class _Type.
TID 3fb0: Placing 0 statics (0 handles) for class IReflect.
TID 3fb0: Placing 7 statics (6 handles) for class Type.
TID 3fb0: Placing 0 statics (0 handles) for class IReflectableType.
TID 3fb0: Placing 0 statics (0 handles) for class TypeInfo.
TID 3fb0: Placing 0 statics (0 handles) for class ISerializable.
TID 3fb0: Placing 0 statics (0 handles) for class ICloneable.
TID 3fb0: Placing 0 statics (0 handles) for class INVOCATION_FLAGS.
TID 3fb0: Placing 7 statics (7 handles) for class RuntimeType.
TID 3fb0: Placing 0 statics (0 handles) for class IEnumerable.
TID 3fb0: Placing 0 statics (0 handles) for class ICollection.
TID 3fb0: Placing 0 statics (0 handles) for class IList.
TID 3fb0: Placing 0 statics (0 handles) for class IStructuralComparable.
TID 3fb0: Placing 0 statics (0 handles) for class IStructuralEquatable.
TID 3fb0: Placing 0 statics (0 handles) for class Array.
TID 3fb0: Placing 0 statics (0 handles) for class SZArrayHelper.
TID 3fb0: Placing 0 statics (0 handles) for class System.ByReference`1[T].
TID 3fb0: Placing 0 statics (0 handles) for class System.Nullable`1[T].
TID 3fb0: Placing 0 statics (0 handles) for class TypedReference.
TID 3fb0: Placing 0 statics (0 handles) for class Void.
TID 3fb0: Placing 0 statics (0 handles) for class System.IComparable`1[T].
TID 3fb0: Placing 0 statics (0 handles) for class System.IEquatable`1[T].
TID 3fb0: Placing 2 statics (2 handles) for class Boolean.
TID 3fb0: Placing 0 statics (0 handles) for class System.IComparable`1[Boolean].
TID 3fb0: Placing 0 statics (0 handles) for class System.IEquatable`1[Boolean].
TID 3fb0: Placing 1 statics (1 handles) for class Char.
TID 3fb0: Placing 0 statics (0 handles) for class System.IComparable`1[Char].
TID 3fb0: Placing 0 statics (0 handles) for class System.IEquatable`1[Char].
TID 3fb0: Placing 0 statics (0 handles) for class SByte.
TID 3fb0: Placing 0 statics (0 handles) for class System.IComparable`1[SByte].
TID 3fb0: Placing 0 statics (0 handles) for class System.IEquatable`1[SByte].
TID 3fb0: Placing 0 statics (0 handles) for class Byte.
TID 3fb0: Placing 0 statics (0 handles) for class System.IComparable`1[Byte].
TID 3fb0: Placing 0 statics (0 handles) for class System.IEquatable`1[Byte].
TID 3fb0: Placing 0 statics (0 handles) for class Int16.
TID 3fb0: Placing 0 statics (0 handles) for class System.IComparable`1[Int16].
TID 3fb0: Placing 0 statics (0 handles) for class System.IEquatable`1[Int16].
TID 3fb0: Placing 0 statics (0 handles) for class UInt16.
TID 3fb0: Placing 0 statics (0 handles) for class System.IComparable`1[UInt16].
TID 3fb0: Placing 0 statics (0 handles) for class System.IEquatable`1[UInt16].
TID 3fb0: Placing 0 statics (0 handles) for class Int32.
TID 3fb0: Placing 0 statics (0 handles) for class System.IComparable`1[Int32].
TID 3fb0: Placing 0 statics (0 handles) for class System.IEquatable`1[Int32].
TID 3fb0: Placing 0 statics (0 handles) for class UInt32.
TID 3fb0: Placing 0 statics (0 handles) for class System.IComparable`1[UInt32].
TID 3fb0: Placing 0 statics (0 handles) for class System.IEquatable`1[UInt32].
TID 3fb0: Placing 0 statics (0 handles) for class Int64.
TID 3fb0: Placing 0 statics (0 handles) for class System.IComparable`1[Int64].
TID 3fb0: Placing 0 statics (0 handles) for class System.IEquatable`1[Int64].
TID 3fb0: Placing 0 statics (0 handles) for class UInt64.
TID 3fb0: Placing 0 statics (0 handles) for class System.IComparable`1[UInt64].
TID 3fb0: Placing 0 statics (0 handles) for class System.IEquatable`1[UInt64].
TID 3fb0: Placing 1 statics (0 handles) for class Single.
TID 3fb0: Placing 0 statics (0 handles) for class System.IComparable`1[Single].
TID 3fb0: Placing 0 statics (0 handles) for class System.IEquatable`1[Single].
TID 3fb0: Placing 1 statics (0 handles) for class Double.
TID 3fb0: Placing 0 statics (0 handles) for class System.IComparable`1[Double].
TID 3fb0: Placing 0 statics (0 handles) for class System.IEquatable`1[Double].
TID 3fb0: Placing 1 statics (0 handles) for class IntPtr.
TID 3fb0: Placing 0 statics (0 handles) for class System.IEquatable`1[IntPtr].
TID 3fb0: Placing 1 statics (0 handles) for class UIntPtr.
TID 3fb0: Placing 0 statics (0 handles) for class System.IEquatable`1[UIntPtr].
TID 3fb0: Placing 0 statics (0 handles) for class Delegate.
TID 3fb0: Placing 0 statics (0 handles) for class MulticastDelegate.
TID 3fb0: Placing 0 statics (0 handles) for class System.Collections.Generic.IEnumerable`1[T].
TID 3fb0: Placing 0 statics (0 handles) for class System.Collections.Generic.ICollection`1[T].
TID 3fb0: Placing 0 statics (0 handles) for class System.Collections.Generic.IEnumerable`1[T].
TID 3fb0: Placing 0 statics (0 handles) for class System.Collections.Generic.IList`1[T].
TID 3fb0: Placing 0 statics (0 handles) for class System.Collections.Generic.ICollection`1[T].
TID 3fb0: Placing 0 statics (0 handles) for class System.Collections.Generic.IEnumerable`1[T].
TID 3fb0: Placing 0 statics (0 handles) for class System.Collections.Generic.IReadOnlyCollection`1[T].
TID 3fb0: Placing 0 statics (0 handles) for class System.Collections.Generic.IEnumerable`1[T].
TID 3fb0: Placing 0 statics (0 handles) for class System.Collections.Generic.IReadOnlyList`1[T].
TID 3fb0: Placing 0 statics (0 handles) for class System.Collections.Generic.IReadOnlyCollection`1[T].
TID 3fb0: Placing 0 statics (0 handles) for class System.Collections.Generic.IEnumerable`1[T].
TID 3fb0: Placing 1 statics (1 handles) for class String.
TID 3fb0: Placing 0 statics (0 handles) for class System.IComparable`1[__Canon].
TID 3fb0: Placing 0 statics (0 handles) for class System.Collections.Generic.IEnumerable`1[Char].
TID 3fb0: Placing 0 statics (0 handles) for class System.IEquatable`1[__Canon].
TID 3fb0: Placing 0 statics (0 handles) for class _Exception.
TID 3fb0: Placing 1 statics (1 handles) for class Exception.
TID 3fb0: Placing 0 statics (0 handles) for class SystemException.
TID 3fb0: Placing 0 statics (0 handles) for class OutOfMemoryException.
TID 3fb0: Placing 0 statics (0 handles) for class StackOverflowException.
TID 3fb0: Placing 0 statics (0 handles) for class ExecutionEngineException.
TID 3fb0: Placing 0 statics (0 handles) for class ThreadAbortException.
TID 3fb0: Placing 0 statics (0 handles) for class CriticalFinalizerObject.
TID 3fb0: Placing 0 statics (0 handles) for class RuntimeThread.
TID 3fb0: Placing 0 statics (0 handles) for class _Thread.
TID 3fb0: Placing 4 statics (4 handles) for class Thread.
TID 3fb0: Placing 0 statics (0 handles) for class MarshalByRefObject.
TID 3fb0: Placing 0 statics (0 handles) for class __ComObject.
TID 3fb0: Placing 0 statics (0 handles) for class RuntimeClass.
TID 3fb0: Placing 0 statics (0 handles) for class System.Collections.Generic.IDictionary`2[TKey,TValue].
TID 3fb0: Placing 0 statics (0 handles) for class System.Collections.Generic.KeyValuePair`2[TKey,TValue].
TID 3fb0: Placing 0 statics (0 handles) for class System.Collections.Generic.KeyValuePair`2[TKey,TValue].
TID 3fb0: Placing 0 statics (0 handles) for class System.Collections.Generic.ICollection`1[KeyValuePair`2].
TID 3fb0: Placing 0 statics (0 handles) for class System.Collections.Generic.IEnumerable`1[KeyValuePair`2].
TID 3fb0: Placing 0 statics (0 handles) for class System.Collections.Generic.IReadOnlyDictionary`2[TKey,TValue].
TID 3fb0: Placing 0 statics (0 handles) for class System.Collections.Generic.KeyValuePair`2[TKey,TValue].
TID 3fb0: Placing 0 statics (0 handles) for class System.Collections.Generic.IReadOnlyCollection`1[KeyValuePair`2].
TID 3fb0: Placing 0 statics (0 handles) for class System.Collections.Generic.IEnumerable`1[KeyValuePair`2].
TID 3fb0: Placing 0 statics (0 handles) for class _Attribute.
TID 3fb0: Placing 0 statics (0 handles) for class Attribute.
TID 3fb0: Placing 0 statics (0 handles) for class System.EventHandler`1[TEventArgs].
TID 3fb0: Placing 0 statics (0 handles) for class IDisposable.
TID 3fb0: Placing 0 statics (0 handles) for class IClosableToIDisposableAdapter.
TID 3fb0: Placing 0 statics (0 handles) for class IDisposableToIClosableAdapter.
TID 3fb0: Placing 0 statics (0 handles) for class IClosable.
TID 3fb0: Placing 0 statics (0 handles) for class IterableToEnumerableAdapter.
TID 3fb0: Placing 0 statics (0 handles) for class IEnumerator.
TID 3fb0: Placing 0 statics (0 handles) for class System.Collections.Generic.IEnumerator`1[T].
TID 3fb0: Placing 0 statics (0 handles) for class System.Collections.Generic.IEnumerator`1[T].
TID 3fb0: Placing 0 statics (0 handles) for class EnumerableToIterableAdapter.
TID 3fb0: Placing 0 statics (0 handles) for class System.Runtime.InteropServices.WindowsRuntime.IIterable`1[T].
TID 3fb0: Placing 0 statics (0 handles) for class System.Collections.Generic.IEnumerable`1[T].
TID 3fb0: Placing 0 statics (0 handles) for class System.Runtime.InteropServices.WindowsRuntime.IIterator`1[T].
TID 3fb0: Placing 0 statics (0 handles) for class System.Runtime.InteropServices.WindowsRuntime.IIterator`1[T].
TID 3fb0: Placing 0 statics (0 handles) for class VectorToListAdapter.
TID 3fb0: Placing 0 statics (0 handles) for class VectorToCollectionAdapter.
TID 3fb0: Placing 0 statics (0 handles) for class ListToVectorAdapter.
TID 3fb0: Placing 0 statics (0 handles) for class System.Runtime.InteropServices.WindowsRuntime.IVector`1[T].
TID 3fb0: Placing 0 statics (0 handles) for class System.Runtime.InteropServices.WindowsRuntime.IIterable`1[T].
TID 3fb0: Placing 0 statics (0 handles) for class System.Collections.Generic.IEnumerable`1[T].
TID 3fb0: Placing 0 statics (0 handles) for class System.Collections.Generic.IReadOnlyList`1[T].
TID 3fb0: Placing 0 statics (0 handles) for class System.Collections.Generic.IReadOnlyCollection`1[T].
TID 3fb0: Placing 0 statics (0 handles) for class System.Collections.Generic.IEnumerable`1[T].
TID 3fb0: Placing 0 statics (0 handles) for class IVectorViewToIReadOnlyListAdapter.
TID 3fb0: Placing 0 statics (0 handles) for class IReadOnlyListToIVectorViewAdapter.
TID 3fb0: Placing 0 statics (0 handles) for class System.Runtime.InteropServices.WindowsRuntime.IVectorView`1[T].
TID 3fb0: Placing 0 statics (0 handles) for class System.Runtime.InteropServices.WindowsRuntime.IIterable`1[T].
TID 3fb0: Placing 0 statics (0 handles) for class System.Collections.Generic.IEnumerable`1[T].
TID 3fb0: Placing 0 statics (0 handles) for class MapToDictionaryAdapter.
TID 3fb0: Placing 0 statics (0 handles) for class System.Collections.Generic.ICollection`1[K].
TID 3fb0: Placing 0 statics (0 handles) for class System.Collections.Generic.IEnumerable`1[K].
TID 3fb0: Placing 0 statics (0 handles) for class System.Collections.Generic.ICollection`1[V].
TID 3fb0: Placing 0 statics (0 handles) for class System.Collections.Generic.IEnumerable`1[V].
TID 3fb0: Placing 0 statics (0 handles) for class MapToCollectionAdapter.
TID 3fb0: Placing 0 statics (0 handles) for class System.Collections.Generic.KeyValuePair`2[K,V].
TID 3fb0: Placing 0 statics (0 handles) for class System.Collections.Generic.KeyValuePair`2[K,V].
TID 3fb0: Placing 0 statics (0 handles) for class System.Collections.Generic.KeyValuePair`2[K,V].
TID 3fb0: Placing 0 statics (0 handles) for class System.Collections.Generic.KeyValuePair`2[K,V].
TID 3fb0: Placing 0 statics (0 handles) for class System.Collections.Generic.KeyValuePair`2[K,V].
TID 3fb0: Placing 0 statics (0 handles) for class System.Collections.Generic.KeyValuePair`2[K,V].
TID 3fb0: Placing 0 statics (0 handles) for class System.Collections.Generic.KeyValuePair`2[K,V].
TID 3fb0: Placing 0 statics (0 handles) for class DictionaryToMapAdapter.
TID 3fb0: Placing 0 statics (0 handles) for class System.Runtime.InteropServices.WindowsRuntime.IMap`2[K,V].
TID 3fb0: Placing 0 statics (0 handles) for class System.Runtime.InteropServices.WindowsRuntime.IKeyValuePair`2[K,V].
TID 3fb0: Placing 0 statics (0 handles) for class System.Runtime.InteropServices.WindowsRuntime.IKeyValuePair`2[K,V].
TID 3fb0: Placing 0 statics (0 handles) for class System.Runtime.InteropServices.WindowsRuntime.IIterable`1[__Canon].
TID 3fb0: Placing 0 statics (0 handles) for class System.Collections.Generic.IEnumerable`1[__Canon].
TID 3fb0: Placing 0 statics (0 handles) for class System.Collections.Generic.IReadOnlyDictionary`2[K,V].
TID 3fb0: Placing 0 statics (0 handles) for class System.Collections.Generic.KeyValuePair`2[K,V].
TID 3fb0: Placing 0 statics (0 handles) for class System.Collections.Generic.IReadOnlyCollection`1[KeyValuePair`2].
TID 3fb0: Placing 0 statics (0 handles) for class System.Collections.Generic.IEnumerable`1[KeyValuePair`2].
TID 3fb0: Placing 0 statics (0 handles) for class IMapViewToIReadOnlyDictionaryAdapter.
TID 3fb0: Placing 0 statics (0 handles) for class System.Collections.Generic.IEnumerable`1[K].
TID 3fb0: Placing 0 statics (0 handles) for class System.Collections.Generic.IEnumerable`1[V].
TID 3fb0: Placing 0 statics (0 handles) for class IReadOnlyDictionaryToIMapViewAdapter.
TID 3fb0: Placing 0 statics (0 handles) for class System.Runtime.InteropServices.WindowsRuntime.IMapView`2[K,V].
TID 3fb0: Placing 0 statics (0 handles) for class System.Runtime.InteropServices.WindowsRuntime.IKeyValuePair`2[K,V].
TID 3fb0: Placing 0 statics (0 handles) for class System.Runtime.InteropServices.WindowsRuntime.IMapView`2[K,V].
TID 3fb0: Placing 0 statics (0 handles) for class System.Runtime.InteropServices.WindowsRuntime.IKeyValuePair`2[K,V].
TID 3fb0: Placing 0 statics (0 handles) for class ICastable.
TID 3fb0: Placing 0 statics (0 handles) for class RuntimeHelpers.
TID 3fb0: Placing 0 statics (0 handles) for class Monitor.
TID 3fb0: Placing 0 statics (0 handles) for class _AppDomain.
TID 3fb0: Placing 0 statics (0 handles) for class APPX_FLAGS.
TID 3fb0: Placing 1 statics (0 handles) for class AppDomain.
TID 3fb0: Placing 0 statics (0 handles) for class TypeKind.
TID 3fb0: Placing 0 statics (0 handles) for class TypeNameNative.
TID 3fb0: Placing 0 statics (0 handles) for class EvidenceBase.
TID 3fb0: Placing 0 statics (0 handles) for class ApplicationTrust.
TID 3fb0: Placing 0 statics (0 handles) for class PolicyStatementAttribute.
TID 3fb0: Placing 0 statics (0 handles) for class PolicyStatement.
TID 3fb0: Placing 0 statics (0 handles) for class LoaderOptimization.
TID 3fb0: Placing 0 statics (0 handles) for class AppDomainSetup.
TID 3fb0: Placing 0 statics (0 handles) for class ArgIterator.
TID 3fb0: Placing 0 statics (0 handles) for class _AssemblyName.
TID 3fb0: Placing 0 statics (0 handles) for class IDeserializationCallback.
TID 3fb0: Placing 0 statics (0 handles) for class AssemblyHashAlgorithm.
TID 3fb0: Placing 0 statics (0 handles) for class AssemblyVersionCompatibility.
TID 3fb0: Placing 0 statics (0 handles) for class AssemblyNameFlags.
TID 3fb0: Placing 1 statics (1 handles) for class AssemblyName.
TID 3fb0: Placing 1 statics (1 handles) for class Version.
TID 3fb0: Placing 0 statics (0 handles) for class _Assembly.
TID 3fb0: Placing 1 statics (1 handles) for class Assembly.
TID 3fb0: Placing 0 statics (0 handles) for class ASSEMBLY_FLAGS.
TID 3fb0: Placing 1 statics (1 handles) for class RuntimeAssembly.
TID 3fb0: Placing 0 statics (0 handles) for class CriticalHandle.
TID 3fb0: Placing 0 statics (0 handles) for class _MethodBase.
TID 3fb0: Placing 0 statics (0 handles) for class MethodBase.
TID 3fb0: Placing 0 statics (0 handles) for class _ConstructorInfo.
TID 3fb0: Placing 2 statics (2 handles) for class ConstructorInfo.
TID 3fb0: Placing 0 statics (0 handles) for class IRuntimeMethodInfo.
TID 3fb0: Placing 0 statics (0 handles) for class MethodAttributes.
TID 3fb0: Placing 0 statics (0 handles) for class BindingFlags.
TID 3fb0: Placing 0 statics (0 handles) for class RuntimeConstructorInfo.
TID 3fb0: Placing 0 statics (0 handles) for class RuntimeMethodHandleInternal.
TID 3fb0: Placing 0 statics (0 handles) for class RuntimeMethodInfoStub.
TID 3fb0: Placing 0 statics (0 handles) for class CustomAttributeEncoding.
TID 3fb0: Placing 0 statics (0 handles) for class CustomAttributeType.
TID 3fb0: Placing 0 statics (0 handles) for class CustomAttributeEncodedArgument.
TID 3fb0: Placing 0 statics (0 handles) for class CustomAttributeNamedParameter.
TID 3fb0: Placing 0 statics (0 handles) for class CustomAttributeCtorParameter.
TID 3fb0: Placing 6 statics (6 handles) for class CultureData.
TID 3fb0: Placing 1 statics (1 handles) for class CalendarData.
TID 3fb0: Placing 0 statics (0 handles) for class IFormatProvider.
TID 3fb0: Placing 13 statics (9 handles) for class CultureInfo.
TID 3fb0: Placing 0 statics (0 handles) for class _FieldInfo.
TID 3fb0: Placing 0 statics (0 handles) for class FieldInfo.
TID 3fb0: Placing 0 statics (0 handles) for class RuntimeFieldInfo.
TID 3fb0: Placing 0 statics (0 handles) for class IRuntimeFieldInfo.
TID 3fb0: Placing 0 statics (0 handles) for class FieldAttributes.
TID 3fb0: Placing 0 statics (0 handles) for class RtFieldInfo.
TID 3fb0: Placing 0 statics (0 handles) for class RuntimeFieldHandleInternal.
TID 3fb0: Placing 0 statics (0 handles) for class RuntimeFieldInfoStub.
TID 3fb0: Placing 0 statics (0 handles) for class FrameSecurityDescriptor.
TID 3fb0: Placing 0 statics (0 handles) for class _MethodInfo.
TID 3fb0: Placing 0 statics (0 handles) for class MethodInfo.
TID 3fb0: Placing 0 statics (0 handles) for class RuntimeMethodInfo.
TID 3fb0: Placing 0 statics (0 handles) for class ExceptionHandlingClauseOptions.
TID 3fb0: Placing 0 statics (0 handles) for class ExceptionHandlingClause.
TID 3fb0: Placing 0 statics (0 handles) for class LocalVariableInfo.
TID 3fb0: Placing 0 statics (0 handles) for class MethodBody.
TID 3fb0: Placing 0 statics (0 handles) for class _Module.
TID 3fb0: Placing 2 statics (2 handles) for class Module.
TID 3fb0: Placing 0 statics (0 handles) for class RuntimeModule.
TID 3fb0: Placing 1 statics (1 handles) for class NumberFormatInfo.
TID 3fb0: Placing 0 statics (0 handles) for class NativeOverlapped.
TID 3fb0: Placing 0 statics (0 handles) for class OverlappedData.
TID 3fb0: Placing 2 statics (1 handles) for class PermissionSet.
TID 3fb0: Placing 0 statics (0 handles) for class PermissionListSet.
TID 3fb0: Placing 0 statics (0 handles) for class Pointer.
TID 3fb0: Placing 0 statics (0 handles) for class SafeHandle.
TID 3fb0: Placing 3 statics (2 handles) for class StackFrameHelper.
TID 3fb0: Placing 0 statics (0 handles) for class StringBuilder.
TID 3fb0: Placing 0 statics (0 handles) for class SynchronizationContextProperties.
TID 3fb0: Placing 6 statics (6 handles) for class SynchronizationContext.
TID 3fb0: Placing 0 statics (0 handles) for class WeakReference.
TID 3fb0: Placing 1 statics (0 handles) for class WaitHandle.
TID 3fb0: Placing 0 statics (0 handles) for class System.Reflection.CerHashtable`2[K,V].
TID 3fb0: Placing 0 statics (0 handles) for class System.Reflection.CerHashtable`2[__Canon,__Canon].
TID 3fb0: Placing 0 statics (0 handles) for class LoaderAllocator.
TID 3fb0: Placing 0 statics (0 handles) for class LoaderAllocatorScout.
TID 3fb0: Placing 0 statics (0 handles) for class ContractFailureKind.
TID 3fb0: Placing 0 statics (0 handles) for class ContractException.
TID 3fb0: Placing 1 statics (1 handles) for class SharedStatics.
TID 3fb0: Placing 0 statics (0 handles) for class JitHelpers.
TID 3fb0: Placing 0 statics (0 handles) for class Unsafe.
TID 3fb0: Placing 0 statics (0 handles) for class Interlocked.
TID 3fb0: Placing 0 statics (0 handles) for class Volatile.
TID 3fb0: Placing 0 statics (0 handles) for class Debug.
TID 3fb0: Placing 8 statics (2 handles) for class BCLDebug.
TID 3fb0: Placing 1 statics (1 handles) for class Assert.
TID 3fb0: Placing 0 statics (0 handles) for class RuntimeEnvironment.
TID 3fb0: Placing 4 statics (4 handles) for class Environment.
TID 3fb0: Placing 0 statics (0 handles) for class ArgumentException.
TID 3fb0: Placing 1 statics (1 handles) for class ArgumentOutOfRangeException.
TID 3fb0: Placing 0 statics (0 handles) for class Buffer.
TID 3fb0: Placing 0 statics (0 handles) for class IndexOutOfRangeException.
TID 3fb0: Placing 0 statics (0 handles) for class Evidence.
TID 3fb0: Placing 1 statics (1 handles) for class System.Collections.Generic.List`1[T].
TID 3fb0: Placing 0 statics (0 handles) for class System.Collections.Generic.IList`1[T].
TID 3fb0: Placing 0 statics (0 handles) for class System.Collections.Generic.ICollection`1[T].
TID 3fb0: Placing 0 statics (0 handles) for class System.Collections.Generic.IEnumerable`1[T].
TID 3fb0: Placing 0 statics (0 handles) for class System.Collections.Generic.IReadOnlyList`1[T].
TID 3fb0: Placing 0 statics (0 handles) for class System.Collections.Generic.IReadOnlyCollection`1[T].
TID 3fb0: Placing 1 statics (1 handles) for class System.Collections.Generic.List`1[__Canon].
TID 3fb0: Placing 0 statics (0 handles) for class System.Collections.Generic.IList`1[__Canon].
TID 3fb0: Placing 0 statics (0 handles) for class System.Collections.Generic.ICollection`1[__Canon].
TID 3fb0: Placing 0 statics (0 handles) for class System.Collections.Generic.IReadOnlyList`1[__Canon].
TID 3fb0: Placing 0 statics (0 handles) for class System.Collections.Generic.IReadOnlyCollection`1[__Canon].
TID 3fb0: Placing 0 statics (0 handles) for class StringComparison.
TID 3fb0: Placing 0 statics (0 handles) for class AppDomainInitializer.
TID 3fb0: Placing 0 statics (0 handles) for class AppDomainInitializerInfo.
TID 3fb0: Placing 0 statics (0 handles) for class IDictionary.
TID 3fb0: Placing 0 statics (0 handles) for class System.Collections.Generic.Dictionary`2[TKey,TValue].
TID 3fb0: Placing 0 statics (0 handles) for class System.Collections.Generic.IDictionary`2[TKey,TValue].
TID 3fb0: Placing 0 statics (0 handles) for class System.Collections.Generic.KeyValuePair`2[TKey,TValue].
TID 3fb0: Placing 0 statics (0 handles) for class System.Collections.Generic.ICollection`1[KeyValuePair`2].
TID 3fb0: Placing 0 statics (0 handles) for class System.Collections.Generic.IEnumerable`1[KeyValuePair`2].
TID 3fb0: Placing 0 statics (0 handles) for class System.Collections.Generic.IReadOnlyDictionary`2[TKey,TValue].
TID 3fb0: Placing 0 statics (0 handles) for class System.Collections.Generic.IReadOnlyCollection`1[KeyValuePair`2].
TID 3fb0: Placing 0 statics (0 handles) for class System.Collections.Generic.Dictionary`2[__Canon,__Canon].
TID 3fb0: Placing 0 statics (0 handles) for class System.Collections.Generic.IDictionary`2[__Canon,__Canon].
TID 3fb0: Placing 0 statics (0 handles) for class System.Collections.Generic.KeyValuePair`2[__Canon,__Canon].
TID 3fb0: Placing 0 statics (0 handles) for class System.Collections.Generic.ICollection`1[KeyValuePair`2].
TID 3fb0: Placing 0 statics (0 handles) for class System.Collections.Generic.IEnumerable`1[KeyValuePair`2].
TID 3fb0: Placing 0 statics (0 handles) for class System.Collections.Generic.IReadOnlyDictionary`2[__Canon,__Canon].
TID 3fb0: Placing 0 statics (0 handles) for class System.Collections.Generic.IReadOnlyCollection`1[KeyValuePair`2].
TID 3fb0: Placing 0 statics (0 handles) for class KeyCollection[TKey,TValue].
TID 3fb0: Placing 0 statics (0 handles) for class System.Collections.Generic.ICollection`1[TKey].
TID 3fb0: Placing 0 statics (0 handles) for class System.Collections.Generic.IEnumerable`1[TKey].
TID 3fb0: Placing 0 statics (0 handles) for class System.Collections.Generic.IReadOnlyCollection`1[TKey].
TID 3fb0: Placing 0 statics (0 handles) for class KeyCollection[__Canon,__Canon].
TID 3fb0: Placing 0 statics (0 handles) for class NotSupportedException.
TID 3fb0: Placing 0 statics (0 handles) for class Tristate.
TID 3fb0: Placing 1 statics (1 handles) for class TextInfo.
TID 3fb0: Placing 0 statics (0 handles) for class CompareInfo.
TID 3fb0: Placing 0 statics (0 handles) for class CompareOptions.
TID 3fb0: Placing 2 statics (1 handles) for class Math.
TID 3fb0: Placing 0 statics (0 handles) for class ArgumentNullException.
TID 3fb0: Placing 0 statics (0 handles) for class IPermission.
TID 3fb0: Placing 0 statics (0 handles) for class Tristate.
TID 3fb0: Placing 3 statics (2 handles) for class PathInternal.
TID 3fb0: Placing 0 statics (0 handles) for class StubHelpers.
TID 3fb0: Placing 1 statics (1 handles) for class StringBuilderCache.
TID 3fb0: Placing 8 statics (2 handles) for class Path.
TID 3fb0: Placing 0 statics (0 handles) for class __StaticArrayInitTypeSize=72.
TID 3fb0: Placing 0 statics (0 handles) for class __StaticArrayInitTypeSize=48.
TID 3fb0: Placing 0 statics (0 handles) for class __StaticArrayInitTypeSize=24.
TID 3fb0: Placing 0 statics (0 handles) for class __StaticArrayInitTypeSize=52.
TID 3fb0: Placing 0 statics (0 handles) for class __StaticArrayInitTypeSize=2224.
TID 3fb0: Placing 0 statics (0 handles) for class __StaticArrayInitTypeSize=40.
TID 3fb0: Placing 0 statics (0 handles) for class __StaticArrayInitTypeSize=1208.
TID 3fb0: Placing 0 statics (0 handles) for class __StaticArrayInitTypeSize=66.
TID 3fb0: Placing 0 statics (0 handles) for class __StaticArrayInitTypeSize=38.
TID 3fb0: Placing 0 statics (0 handles) for class __StaticArrayInitTypeSize=1440.
TID 3fb0: Placing 0 statics (0 handles) for class __StaticArrayInitTypeSize=64.
TID 3fb0: Placing 0 statics (0 handles) for class __StaticArrayInitTypeSize=18128.
TID 3fb0: Placing 0 statics (0 handles) for class __StaticArrayInitTypeSize=3.
TID 3fb0: Placing 0 statics (0 handles) for class __StaticArrayInitTypeSize=28.
TID 3fb0: Placing 0 statics (0 handles) for class __StaticArrayInitTypeSize=32.
TID 3fb0: Placing 0 statics (0 handles) for class __StaticArrayInitTypeSize=288.
TID 3fb0: Placing 0 statics (0 handles) for class __StaticArrayInitTypeSize=128.
TID 3fb0: Placing 0 statics (0 handles) for class __StaticArrayInitTypeSize=3200.
TID 3fb0: Placing 0 statics (0 handles) for class __StaticArrayInitTypeSize=16.
TID 3fb0: Placing 0 statics (0 handles) for class __StaticArrayInitTypeSize=1472.
TID 3fb0: Placing 0 statics (0 handles) for class __StaticArrayInitTypeSize=5264.
TID 3fb0: Placing 0 statics (0 handles) for class __StaticArrayInitTypeSize=130.
TID 3fb0: Placing 0 statics (0 handles) for class __StaticArrayInitTypeSize=14.
TID 3fb0: Placing 0 statics (0 handles) for class __StaticArrayInitTypeSize=6.
TID 3fb0: Placing 0 statics (0 handles) for class __StaticArrayInitTypeSize=10.
TID 3fb0: Placing 0 statics (0 handles) for class __StaticArrayInitTypeSize=44.
TID 3fb0: Placing 0 statics (0 handles) for class __StaticArrayInitTypeSize=256.
TID 3fb0: Placing 0 statics (0 handles) for class __StaticArrayInitTypeSize=88.
TID 3fb0: Placing 0 statics (0 handles) for class __StaticArrayInitTypeSize=392.
TID 3fb0: Placing 0 statics (0 handles) for class __StaticArrayInitTypeSize=82.
TID 3fb0: Placing 79 statics (0 handles) for class <PrivateImplementationDetails>.
TID 3fb0: Placing 0 statics (0 handles) for class RuntimeFieldHandle.
TID 3fb0: Placing 1 statics (1 handles) for class PathHelper.
TID 3fb0: Placing 0 statics (0 handles) for class SR.
TID 3fb0: Placing 6 statics (0 handles) for class CharUnicodeInfo.
TID 3fb0: Placing 2 statics (2 handles) for class NativeBuffer.
TID 3fb0: Placing 0 statics (0 handles) for class StringBuffer.
TID 3fb0: Placing 0 statics (0 handles) for class IOException.
TID 3fb0: Placing 0 statics (0 handles) for class PathTooLongException.
TID 3fb0: Placing 0 statics (0 handles) for class SafeHandleZeroOrMinusOneIsInvalid.
TID 3fb0: Placing 1 statics (0 handles) for class SafeBuffer.
TID 3fb0: Placing 0 statics (0 handles) for class SafeHeapHandle.
TID 3fb0: Placing 0 statics (0 handles) for class SafeHeapHandleCache.
TID 3fb0: Placing 0 statics (0 handles) for class EmptySafeHandle.
TID 3fb0: Placing 0 statics (0 handles) for class GC.
TID 3fb0: Placing 0 statics (0 handles) for class SwitchStructure.
TID 3fb0: Placing 0 statics (0 handles) for class LogLevel.
TID 3fb0: Placing 5 statics (4 handles) for class Log.
TID 3fb0: Placing 0 statics (0 handles) for class LoggingLevels.
TID 3fb0: Placing 0 statics (0 handles) for class LogSwitch.
TID 3fb0: Placing 1 statics (1 handles) for class Guid.
TID 3fb0: Placing 4 statics (2 handles) for class Marshal.
TID 3fb0: Placing 0 statics (0 handles) for class System.IComparable`1[Guid].
TID 3fb0: Placing 0 statics (0 handles) for class System.IEquatable`1[Guid].
TID 3fb0: Placing 0 statics (0 handles) for class InvalidOperationException.
TID 3fb0: Placing 0 statics (0 handles) for class ObjectDisposedException.
TID 3fb0: Placing 2 statics (1 handles) for class Win32Native.
TID 3fb0: Placing 1 statics (0 handles) for class mincore.
TID 3fb0: Placing 0 statics (0 handles) for class Interop.
TID 3fb0: Placing 0 statics (0 handles) for class Win32Marshal.
TID 3fb0: Placing 0 statics (0 handles) for class ThrowHelper.
TID 3fb0: Placing 0 statics (0 handles) for class ExceptionArgument.
TID 3fb0: Placing 0 statics (0 handles) for class IEqualityComparer.
TID 3fb0: Placing 0 statics (0 handles) for class System.Collections.Generic.IEqualityComparer`1[T].
TID 3fb0: Placing 1 statics (1 handles) for class System.Collections.Generic.EqualityComparer`1[T].
TID 3fb0: Placing 0 statics (0 handles) for class System.Collections.Generic.IEqualityComparer`1[T].
TID 3fb0: Placing 1 statics (1 handles) for class System.Collections.Generic.EqualityComparer`1[Char].
TID 3fb0: Placing 0 statics (0 handles) for class System.Collections.Generic.IEqualityComparer`1[Char].
TID 3fb0: Placing 1 statics (1 handles) for class System.Collections.Generic.EqualityComparer`1[T].
TID 3fb0: Placing 0 statics (0 handles) for class System.Collections.Generic.IEqualityComparer`1[T].
TID 3fb0: Placing 0 statics (0 handles) for class TypeCode.
TID 3fb0: Placing 0 statics (0 handles) for class RuntimeTypeHandle.
TID 3fb0: Placing 1 statics (1 handles) for class System.Collections.Generic.EqualityComparer`1[T].
TID 3fb0: Placing 0 statics (0 handles) for class System.Collections.Generic.ObjectEqualityComparer`1[T].
TID 3fb0: Placing 0 statics (0 handles) for class System.Collections.Generic.IEqualityComparer`1[T].
TID 3fb0: Placing 0 statics (0 handles) for class System.Collections.Generic.ObjectEqualityComparer`1[Char].
TID 3fb0: Placing 0 statics (0 handles) for class System.Collections.Generic.ObjectEqualityComparer`1[T].
TID 3fb0: Placing 1 statics (1 handles) for class System.Collections.Generic.EqualityComparer`1[T].
TID 3fb0: Placing 0 statics (0 handles) for class System.Collections.Generic.LongEnumEqualityComparer`1[T].
TID 3fb0: Placing 0 statics (0 handles) for class System.Collections.Generic.IEqualityComparer`1[T].
TID 3fb0: Placing 1 statics (1 handles) for class System.Collections.Generic.EqualityComparer`1[Int64].
TID 3fb0: Placing 0 statics (0 handles) for class System.Collections.Generic.LongEnumEqualityComparer`1[Int64].
TID 3fb0: Placing 0 statics (0 handles) for class System.Collections.Generic.IEqualityComparer`1[Int64].
TID 3fb0: Placing 1 statics (1 handles) for class System.Collections.Generic.EqualityComparer`1[T].
TID 3fb0: Placing 0 statics (0 handles) for class System.Collections.Generic.EnumEqualityComparer`1[T].
TID 3fb0: Placing 1 statics (1 handles) for class System.Collections.Generic.EqualityComparer`1[T].
TID 3fb0: Placing 0 statics (0 handles) for class System.Collections.Generic.EnumEqualityComparer`1[T].
TID 3fb0: Placing 0 statics (0 handles) for class System.Collections.Generic.ShortEnumEqualityComparer`1[T].
TID 3fb0: Placing 0 statics (0 handles) for class System.Collections.Generic.IEqualityComparer`1[T].
TID 3fb0: Placing 0 statics (0 handles) for class System.Collections.Generic.IEqualityComparer`1[T].
TID 3fb0: Placing 1 statics (1 handles) for class System.Collections.Generic.EqualityComparer`1[Int16].
TID 3fb0: Placing 0 statics (0 handles) for class System.Collections.Generic.EnumEqualityComparer`1[Int16].
TID 3fb0: Placing 0 statics (0 handles) for class System.Collections.Generic.ShortEnumEqualityComparer`1[Int16].
TID 3fb0: Placing 0 statics (0 handles) for class System.Collections.Generic.IEqualityComparer`1[Int16].
TID 3fb0: Placing 1 statics (1 handles) for class System.Collections.Generic.EqualityComparer`1[Int32].
TID 3fb0: Placing 0 statics (0 handles) for class System.Collections.Generic.EnumEqualityComparer`1[Int32].
TID 3fb0: Placing 0 statics (0 handles) for class System.Collections.Generic.IEqualityComparer`1[Int32].
TID 3fb0: Placing 1 statics (1 handles) for class System.Collections.Generic.EqualityComparer`1[T].
TID 3fb0: Placing 0 statics (0 handles) for class System.Collections.Generic.EnumEqualityComparer`1[T].
TID 3fb0: Placing 0 statics (0 handles) for class System.Collections.Generic.SByteEnumEqualityComparer`1[T].
TID 3fb0: Placing 0 statics (0 handles) for class System.Collections.Generic.IEqualityComparer`1[T].
TID 3fb0: Placing 1 statics (1 handles) for class System.Collections.Generic.EqualityComparer`1[SByte].
TID 3fb0: Placing 0 statics (0 handles) for class System.Collections.Generic.EnumEqualityComparer`1[SByte].
TID 3fb0: Placing 0 statics (0 handles) for class System.Collections.Generic.SByteEnumEqualityComparer`1[SByte].
TID 3fb0: Placing 0 statics (0 handles) for class System.Collections.Generic.IEqualityComparer`1[SByte].
TID 3fb0: Placing 0 statics (0 handles) for class System.Nullable`1[T].
TID 3fb0: Placing 1 statics (1 handles) for class System.Collections.Generic.EqualityComparer`1[Nullable`1].
TID 3fb0: Placing 0 statics (0 handles) for class System.Collections.Generic.NullableEqualityComparer`1[T].
TID 3fb0: Placing 0 statics (0 handles) for class System.Collections.Generic.IEqualityComparer`1[Nullable`1].
TID 3fb0: Placing 0 statics (0 handles) for class System.IEquatable`1[T].
TID 3fb0: Placing 0 statics (0 handles) for class System.Nullable`1[Int32].
TID 3fb0: Placing 1 statics (1 handles) for class System.Collections.Generic.EqualityComparer`1[Nullable`1].
TID 3fb0: Placing 0 statics (0 handles) for class System.Collections.Generic.NullableEqualityComparer`1[Int32].
TID 3fb0: Placing 0 statics (0 handles) for class System.Collections.Generic.IEqualityComparer`1[Nullable`1].
TID 3fb0: Placing 1 statics (1 handles) for class System.Collections.Generic.EqualityComparer`1[T].
TID 3fb0: Placing 0 statics (0 handles) for class System.Collections.Generic.GenericEqualityComparer`1[T].
TID 3fb0: Placing 0 statics (0 handles) for class System.Collections.Generic.IEqualityComparer`1[T].
TID 3fb0: Placing 0 statics (0 handles) for class System.IEquatable`1[T].
TID 3fb0: Placing 0 statics (0 handles) for class System.Collections.Generic.GenericEqualityComparer`1[Int32].
TID 3fb0: Placing 1 statics (1 handles) for class System.Collections.Generic.EqualityComparer`1[Byte].
TID 3fb0: Placing 0 statics (0 handles) for class ByteEqualityComparer.
TID 3fb0: Placing 0 statics (0 handles) for class System.Collections.Generic.IEqualityComparer`1[Byte].
TID 3fb0: Placing 0 statics (0 handles) for class _TypeBuilder.
TID 3fb0: Placing 1 statics (1 handles) for class TypeToken.
TID 3fb0: Placing 0 statics (0 handles) for class TypeAttributes.
TID 3fb0: Placing 0 statics (0 handles) for class GenericParameterAttributes.
TID 3fb0: Placing 0 statics (0 handles) for class PackingSize.
TID 3fb0: Placing 0 statics (0 handles) for class TypeBuilder.
TID 3fb0: Placing 0 statics (0 handles) for class System.Collections.Generic.GenericEqualityComparer`1[Char].
TID 3fb0: Placing 1 statics (1 handles) for class EventArgs.
TID 3fb0: Placing 0 statics (0 handles) for class EventHandler.
TID 3fb0: Placing 0 statics (0 handles) for class RuntimeMethodHandle.
TID 3fb0: Placing 0 statics (0 handles) for class _Activator.
TID 3fb0: Placing 0 statics (0 handles) for class Activator.
TID 3fb0: Placing 0 statics (0 handles) for class _AssemblyBuilder.
TID 3fb0: Placing 0 statics (0 handles) for class AssemblyBuilder.
TID 3fb0: Placing 0 statics (0 handles) for class InternalAssemblyBuilder.
TID 3fb0: Placing 2 statics (2 handles) for class DynamicMethod.
TID 3fb0: Placing 0 statics (0 handles) for class TypeDelegator.
TID 3fb0: Placing 0 statics (0 handles) for class _PropertyInfo.
TID 3fb0: Placing 0 statics (0 handles) for class PropertyInfo.
TID 3fb0: Placing 0 statics (0 handles) for class PropertyAttributes.
TID 3fb0: Placing 0 statics (0 handles) for class RuntimePropertyInfo.
TID 3fb0: Placing 0 statics (0 handles) for class _EventInfo.
TID 3fb0: Placing 0 statics (0 handles) for class EventInfo.
TID 3fb0: Placing 0 statics (0 handles) for class EventAttributes.
TID 3fb0: Placing 0 statics (0 handles) for class RuntimeEventInfo.
TID 3fb0: Placing 0 statics (0 handles) for class UltimateResourceFallbackLocation.
TID 3fb0: Placing 10 statics (5 handles) for class ResourceManager.
TID 3fb0: Placing 0 statics (0 handles) for class System.Collections.Generic.IEqualityComparer`1[TKey].
TID 3fb0: Placing 0 statics (0 handles) for class System.Collections.Generic.IEqualityComparer`1[__Canon].
TID 3fb0: Placing 5 statics (3 handles) for class HashHelpers.
TID 3fb0: Placing 1 statics (1 handles) for class System.Collections.Generic.EqualityComparer`1[__Canon].
TID 3fb0: Placing 0 statics (0 handles) for class System.Collections.Generic.GenericEqualityComparer`1[__Canon].
TID 3fb0: Placing 1 statics (1 handles) for class NonRandomizedStringEqualityComparer.
TID 3fb0: Placing 1 statics (1 handles) for class System.Collections.Generic.EqualityComparer`1[TKey].
TID 3fb0: Placing 0 statics (0 handles) for class System.Collections.Generic.ObjectEqualityComparer`1[__Canon].
TID 3fb0: Placing 0 statics (0 handles) for class Entry[TKey,TValue].
TID 3fb0: Placing 0 statics (0 handles) for class Entry[__Canon,__Canon].
TID 3fb0: Placing 0 statics (0 handles) for class Entry[TKey,TValue].
TID 3fb0: Placing 0 statics (0 handles) for class AppDomainManager.
TID 3fb0: Placing 0 statics (0 handles) for class FileNotFoundException.
TID 3fb0: Placing 0 statics (0 handles) for class SecurityException.
TID 3fb0: Placing 0 statics (0 handles) for class TypeLoadException.
TID 3fb0: Placing 0 statics (0 handles) for class PermissionState.
TID 3fb0: Placing 0 statics (0 handles) for class CodeAccessPermission.
TID 3fb0: Placing 0 statics (0 handles) for class NullReferenceException.
TID 3fb0: Placing 0 statics (0 handles) for class AppDomainHandle.
TID 3fb0: Placing 0 statics (0 handles) for class StringHandleOnStack.
TID 3fb0: Placing 1 statics (0 handles) for class CompatibilitySwitches.
TID 3fb0: Placing 0 statics (0 handles) for class IComparer.
TID 3fb0: Placing 0 statics (0 handles) for class System.Collections.Generic.IComparer`1[T].
TID 3fb0: Placing 4 statics (4 handles) for class StringComparer.
TID 3fb0: Placing 0 statics (0 handles) for class System.Collections.Generic.IComparer`1[__Canon].
TID 3fb0: Placing 0 statics (0 handles) for class NamedPermissionSet.
TID 3fb0: Placing 0 statics (0 handles) for class TokenBasedSet.
TID 3fb0: Placing 0 statics (0 handles) for class StrongName.
TID 3fb0: Placing 0 statics (0 handles) for class System.Collections.ObjectModel.ReadOnlyCollection`1[T].
TID 3fb0: Placing 0 statics (0 handles) for class System.Collections.Generic.IList`1[T].
TID 3fb0: Placing 0 statics (0 handles) for class System.Collections.Generic.ICollection`1[T].
TID 3fb0: Placing 0 statics (0 handles) for class System.Collections.Generic.IEnumerable`1[T].
TID 3fb0: Placing 0 statics (0 handles) for class System.Collections.Generic.IReadOnlyList`1[T].
TID 3fb0: Placing 0 statics (0 handles) for class System.Collections.Generic.IReadOnlyCollection`1[T].
TID 3fb0: Placing 0 statics (0 handles) for class System.Collections.ObjectModel.ReadOnlyCollection`1[__Canon].
TID 3fb0: Placing 2 statics (2 handles) for class SecurityManager.
TID 3fb0: Placing 0 statics (0 handles) for class SecurityPermissionFlag.
TID 3fb0: Placing 0 statics (0 handles) for class ReflectionPermissionFlag.
TID 3fb0: Placing 0 statics (0 handles) for class IUnrestrictedPermission.
TID 3fb0: Placing 0 statics (0 handles) for class IBuiltInPermission.
TID 3fb0: Placing 0 statics (0 handles) for class SecurityPermission.
TID 3fb0: Placing 0 statics (0 handles) for class ReflectionPermission.
TID 3fb0: Placing 0 statics (0 handles) for class System.Collections.ObjectModel.ReadOnlyCollection`1[T].
TID 3fb0: Placing 0 statics (0 handles) for class ObjectHandleOnStack.
TID 3fb0: Placing 0 statics (0 handles) for class Program.
TID 3fb0: Placing 1 statics (1 handles) for class Console.
TID 3fb0: Placing 0 statics (0 handles) for class System.Nullable`1[Boolean].
TID 3fb0: Placing 0 statics (0 handles) for class SafeFileHandle.
TID 3fb0: Placing 1 statics (1 handles) for class Encoding.
TID 3fb0: Placing 1 statics (1 handles) for class UTF8Encoding.
TID 3fb0: Placing 0 statics (0 handles) for class CodePageDataItem.
TID 3fb0: Placing 3 statics (3 handles) for class EncoderFallback.
TID 3fb0: Placing 3 statics (3 handles) for class DecoderFallback.
TID 3fb0: Placing 0 statics (0 handles) for class EncoderReplacementFallback.
TID 3fb0: Placing 0 statics (0 handles) for class DecoderReplacementFallback.
TID 3fb0: Placing 0 statics (0 handles) for class EncodingForwarder.
TID 3fb0: Placing 0 statics (0 handles) for class Encoder.
TID 3fb0: Placing 0 statics (0 handles) for class EncoderNLS.
TID 3fb0: Placing 1 statics (1 handles) for class ASCIIEncoding.
TID 3fb0: Placing 0 statics (0 handles) for class EncoderFallbackBuffer.
TID 3fb0: Placing 0 statics (0 handles) for class UTF8Encoder.
TID 3fb0: Logging shutting down
